www
mail
mx
ns1
ns2
m
mx0
ns
mail2
remote
blog
mx1
smtp
mailserver
server
ns3
mx2
redbusprimarydns
redbussecondarydns
dev
mail1
api
shop
mx7
secure
app
ns4
cloud
190.208
ftp
cdn
test
bbs
mx01
portal
support
pop
host
exchange
mailin2
mailin1
static
email
admin
forum
news
demo
owa
staging
dns1
in
dns2
home
121.201
store
my
img
connect
beta
git
server1
sip
autodiscover
media
mail3
images
office
mailinbackup1
en
correo
dns
a.ns
mobile
pop3
new
mx3
login
ns5
ssl
mx-1
smtp2
gw
crm
apps
imap
intranet
mx-2
citrix
jira
s
smtp1
b.ns
gateway
178.72
members
help
info
ios
relay
asmpx
de
fr
files
gitlab
es
old
owncloud
srv
s1
chat
mailhost
ns6
online
mail-av
cp
ns0
game
a.mx
start
mail01
cms
stage
it
b2b
access
mailproxy
service
extranet
assets
fw2a
fw1a
ts
v
i
data
ru
iphone
filter
backup
server2
hosting
ns01
b
docs
mail4
china
optin
mx4
msgin
responder
smpx
edu
a
go
dns3
cs
live
atl161
atl21
srv1
atl31
exchange122
forums
nas
cn
ns02
mx20
ads
rds
stats
mdm
us
search
box
download
services
fw
helpdesk
corp
cpanel
e
jp
qa
db
svn
ms
router
pay
proxy
barracuda
jobs
mail02
piwik
community
panel
member
post
gate
sso
p
sc
mailproxy2
123
t
31.135
mta
mx10
host2
reply
r
adfs
analytics
uat
gov
monitor
poczta
erp
pbx
js
s2
rmx
dashboard
sv
ns7
c
site
top
moodle
club
image
o1.email
auth
status
outlook
sns
newsletter
photos
mx02
cas
dns4
alpha
1
sys
clients
po
br
mx5
posta
fs
sslvpn
mailin
d
ca
rc
dl
redmine
82.113
212.192
localhost
ar
pet
host1
sp
sts
mailer
inbound
billing
client
irc
eu
oa
rp
im
bm
blogs
tv
lists
hk
abs
da
tj
mail5
mx.www
stg
smtp3
content
net
lyb
ent
job
share
book
ns8
ad
ci
pt
join
sn
ns11
qipai
uk
2
ech
agr
s3
gallery
pic
tech
nl
sms
tma
tex
jenkins
style
pp
music
me
31
manage
firewall
main
law
sh
events
ps
archive
tools
pa
prod
mx6
dme
customer
projects
hf
ma
ns10
npk
energy
careers
css
mta2
hub
cheman
lab
mta1
mailgate
dls
cam
kr
hrb
confluence
partner
stock
co
db1
fz
3
rdp
dop
account
sandbox
seo
am0
mx8
bj
meet
bxs
ui.hub
photo
sql
cgl
reports
legacy
google
alt1
sharepoint
oc
games
map
tw
server3
58
spam
alt2
mailbackup
training
biz
mdi
cdn1
monitoring
av
my.q
dmb
mb
alt4
play
pro
tickets
cal
g
al
file
ben
auto
4
library
2017
sjz
sd
lms
social
sec
dp
mail2web
noc
alt
163
chem
ns12
mail-merge
doc
5
ip4
nba
host3
code
tsl
aws
bsq
rys
steel
jta
securemail
sbr
pl
ds
sftp
6
pe
lys
bxa
tdi
pb
hxt
8
ljm
tr
na
res
open
7
9
srv01
nextcloud
cc
ip7
hr
idp
ask
cdn2
core
mc
gz
lxx
cq
reg
business
id
94.228
dav
sg
gms
pdo
bro
metals
master
jms
server01
ctb
srv2
marketing
user
buv
partners
order
ag
nat
survey
storage
upload
out
lyncdiscover
nsa
pol
public
gold
ats
travel
big
osp
eng
f
alf
mm
radio
pki
st
cgi
dap
ect
hfq
eg
mon
mta3
bex
tch
pta
hjh
dft
nsb
tbg
ns9
art
qq
pvc
developer
mysql
gwr
ijs
catalog
qwj
owo
bye
oep
kiw
fmn
etz
atx
khf
ieq
chj
mms
ttw
aqq
efq
local
gd
jze
dc
house
ip2
sbs
nagios
as
pds
lpg
idm
try
cu
nc
fallback
gsc
forms
ni
sla
ip3
fed
eid
pa6
intern
lb
hb
register
act
stat
nr
adm
ip9
lib
abm
sugar
cmts1-dhcp
afi
fb
rmm
gs
silver
ops
brv
amc
qcl
ega
gye
jwg
dfl
cl2
mas
ffa
unt
mail6
nnl
preview
sites
ndx
kkw
fft
gqe
tel
tto
sty
rdj
log
rul
eip
hq
stream
ims
exg
fvp
maps
mail10
ipj
put
cjf
mail-in
uew
juk
diw
bky
uot
sina
fmj
tvq
sync
hcq
tfk
esb
dxb
int
hbe
vby
evz
pyt
axg
bbb
nic
mxav1
j0q
h
mta4
track
paper
sports
son
booking
resources
inbound2
bot
kb
ip6
fbx
tix
ext
salt
ip8
root
mall
isi
dev2
mtc
hn
utm
host4
fre
sentry
pre
end
mfa
one
ip5
3g
v2
psl
edt
hut
ex
ihs
nlj
sun
boc
finance
rpx
jx
q
sew
rss
oaa
111
moh
avc
ssc-ftth-dhcp
pau
dfp
isv
pov
gee
dqy
eye
ihf
had
fpc
mpe
baa
skf
jbl
ahx
txn
rzl
ip1
bcg
sax
design
aex
dgx
apd
umo
bvl
jfn
bb
gps
mx9
ibh
pmy
u
iyt
jzc
ppx
man
ha
csy
jug
health
fny
tte
odh
oph
jue
joj
gjj
ssc
qny
pkv
tjn
cxz
bsz
hvm
151
fef
abc
10
aax
hcw
gqk
tap
soda
ffj
uvu
ppc
bkf
qrz
noq
uog
qdi
qmd
kdf
mvl
fashion
owk
onh
nyr
ibn
rrr
ryh
antispam
egn
uyr
qia
pze
oxa
ovx
oma
bel
ukq
kht
epj
kcz
uqt
hxu
crc
baijiale
hal
ryy
eey
leq
hermes
txw
fho
jxu
tja
gjo
oxj
ss
src
sig
rd
mxa
nlp
calendar
hev
facebook
bip
svr
dhl
m1
em
re0
img1
cis
edi
inbound1
faq
met
mars
intra
au
sv1
ip
testing
fsc
preprod
msk
dyn
dax
coke
pms
pm
s4
system
sx
bca
usa
bug
msp
fax
inbound3
unifi
inbound4
cmts7-dhcp
glass
eis
chd
dms
moc
ipa
pzh
aha
shu
mdj
don
shc
lync
red
ceg
dhz
scm
sam
hud
accounts
th
conference
11
edge
hon
ugc
txj
114
cuben
gin
16
nlk
jit
network
learn
acg
ons
smc
cvs
ayw
bdl
rice
cig
tfa
mp
gis
eau
fjf
ml
gsq
awd
trx
tar
feeds
ems
dlr
cjv
vbz
glo
85.189
oit
fbb
unc
lyi
iuc
tbr
omy
dev1
tzt
pvf
fpd
dnr
djt
dco
project
mgi
cz
dmv
anu
mcn
ume
nmp
gw2
gw1
ube
npx
jew
anq
iww
110
tct
sgn
osr
hwc
hie
cjm
bhv
vbp
ttyulecheng
roe
ecl
ota
cdg
vaw
lyn
eum
pcg
krk
ugi
tzs
mav
sz
fap
any
jil
bxh
atb
tim
ncm
myx
jlj
iqc
fav
snx
pgi
maj
ipi
tio
iaf
tdx
ntp
120
mta5
gvc
bfv
upy
rjp
nxz
jjp
vbi
rnx
rmb
