www
mail
mx
ns1
ns2
m
mx0
ns
mail2
remote
blog
mx1
smtp
mailserver
server
ns3
mx2
redbusprimarydns
redbussecondarydns
dev
mail1
api
shop
mx7
secure
app
ns4
cloud
190.208
ftp
cdn
test
bbs
mx01
portal
support
pop
host
exchange
mailin2
mailin1
static
email
admin
forum
news
demo
owa
staging
dns1
in
dns2
home
121.201
store
my
img
connect
beta
git
server1
sip
autodiscover
media
mail3
images
office
mailinbackup1
en
correo
dns
a.ns
mobile
pop3
new
mx3
login
ns5
ssl
mx-1
smtp2
gw
crm
apps
imap
intranet
mx-2
citrix
jira
s
smtp1
b.ns
gateway
178.72
members
help
info
ios
relay
asmpx
