www
mail
mx
ns1
ns2
m
mx0
ns
mail2
remote
blog
mx1
smtp
mailserver
server
ns3
mx2
redbusprimarydns
redbussecondarydns
dev
mail1
api
shop
mx7
secure
app
ns4
cloud
190.208
ftp
cdn
test
bbs
mx01
portal
support
pop
host
exchange
mailin2
mailin1
static
email
admin
forum
news
demo
owa
staging
dns1
in
dns2
home
121.201
store
my
img
connect
beta
git
server1
sip
autodiscover
media
mail3
images
office
mailinbackup1
en
correo
dns
a.ns
mobile
pop3
new
mx3
login
ns5
ssl
mx-1
smtp2
gw
crm
apps
imap
intranet
mx-2
citrix
jira
s
smtp1
b.ns
gateway
178.72
members
help
info
ios
relay
asmpx
de
fr
files
gitlab
es
old
owncloud
srv
s1
chat
mailhost
ns6
online
mail-av
cp
ns0
game
a.mx
start
mail01
cms
stage
it
b2b
access
mailproxy
service
extranet
assets
fw2a
fw1a
ts
v
i
data
ru
iphone
filter
backup
server2
hosting
ns01
b
docs
mail4
china
optin
mx4
msgin
responder
smpx
edu
a
go
dns3
cs
live
atl161
atl21
srv1
atl31
exchange122
forums
nas
cn
ns02
mx20
ads
rds
stats
mdm
us
search
box
download
services
fw
helpdesk
corp
cpanel
e
jp
qa
db
svn
ms
router
pay
proxy
barracuda
jobs
mail02
piwik
community
panel
member
post
gate
sso
p
sc
mailproxy2
123
t
31.135
mta
mx10
host2
reply
r
adfs
analytics
uat
gov
monitor
poczta
erp
pbx
js
s2
rmx
dashboard
sv
ns7
c
site
top
moodle
club
image
o1.email
auth
status
outlook
sns
newsletter
photos
mx02
cas
dns4
alpha
1
sys
clients
po
br
mx5
posta
fs
sslvpn
mailin
d
ca
rc
dl
redmine
82.113
212.192
localhost
ar
pet
host1
sp
sts
mailer
inbound
billing
client
irc
eu
oa
rp
im
bm
blogs
tv
lists
hk
abs
da
tj
mail5
mx.www
stg
smtp3
content
net
lyb
ent
job
share
book
ns8
ad
ci
pt
join
sn
ns11
qipai
uk
2
ech
agr
s3
gallery
pic
tech
nl
sms
tma
tex
jenkins
style
pp
music
me
31
manage
firewall
main
law
sh
events
ps
archive
tools
pa
prod
mx6
dme
customer
projects
hf
ma
ns10
npk
energy
careers
css
mta2
hub
cheman
lab
mta1
mailgate
dls
cam
kr
hrb
confluence
partner
stock
co
db1
fz
3
rdp
dop
account
sandbox
seo
am0
mx8
bj
meet
bxs
ui.hub
photo
sql
cgl
reports
legacy
google
alt1
sharepoint
oc
games
map
tw
server3
58
spam
alt2
mailbackup
training
biz
mdi
cdn1
monitoring
av
my.q
dmb
mb
alt4
play
pro
tickets
cal
g
al
file
ben
auto
4
library
2017
sjz
sd
lms
social
sec
dp
mail2web
noc
alt
163
chem
ns12
mail-merge
doc
5
ip4
nba
host3
code
tsl
aws
bsq
rys
steel
jta
securemail
sbr
pl
ds
sftp
6
pe
lys
bxa
tdi
pb
hxt
8
ljm
tr
na
res
open
7
9
srv01
nextcloud
cc
ip7
hr
idp
ask
cdn2
core
mc
gz
lxx
cq
reg
business
id
94.228
dav
sg
gms
pdo
bro
metals
master
jms
server01
ctb
srv2
marketing
user
buv
partners
order
ag
nat
survey
storage
upload
out
lyncdiscover
nsa
pol
public
gold
ats
travel
big
osp
