www
mail
ftp
pop
smtp
localhost
ns2
ns1
webmail
webdisk
cpcontacts
cpcalendars
ssh
test
cpanel
whm
ns
new
pop3
mx
old
autodiscover
imap
m
ipv4
autoconfig
forum
dev
shop
admin
ns3
vpn
en
dns
img
it
demo
blog
mail2
wiki
ns1.rus-dns.ru
ru
crm
ns4
de
stat
es
fr
mx1
gw
lv
cz
mx2
spb
uz
dreli
support
test2
sip
sftp
api
web
relay
kazan
office
samara
video
lk
files
krasnodar
cloud
portal
perm
omsk
1
wap
my
home
saratov
d2
novosibirsk
volgograd
chelyabinsk
test1
news
d1
mail1
krasnoyarsk
irkutsk
beta
adm
tomsk
mta
ekaterinburg
ufa
redmine
info
t2
e2
e1
