www
mail
ns2
ns1
m
forum
ns
mx
hostmaster
admin
root
api
mx1
static
mx2
test
dev
ns3
autodiscover
shop
img
smtp
support
new
old
ftp
spb
cdn
my
webmail
blog
samara
mail2
ufa
kazan
online
sip
ns4
portal
news
omsk
vpn
en
lk
perm
edu
stat
volgograd
relay
video
krasnodar
beta
wiki
tomsk
i
tula
saratov
msk
info
pda
help
web
s
mobile
voronezh
noc
lyncdiscover
rostov
media
tver
pop
krasnoyarsk
kirov
irkutsk
lib
bryansk
penza
corp
kemerovo
chelyabinsk
yaroslavl
ru
orel
kursk
wap
tv
stavropol
novosibirsk
job
email
cloud
barnaul
mail1
ryazan
vladimir
orenburg
pay
partner
mx3
meet
