www
mail
ns2
ns1
m
forum
ns
mx
hostmaster
admin
root
api
mx1
static
mx2
test
dev
ns3
autodiscover
shop
img
smtp
support
new
old
ftp
spb
cdn
my
webmail
blog
samara
mail2
ufa
kazan
online
sip
ns4
portal
news
omsk
vpn
en
lk
perm
edu
stat
volgograd
relay
video
krasnodar
beta
wiki
tomsk
i
tula
saratov
msk
info
pda
help
web
s
mobile
voronezh
noc
lyncdiscover
rostov
media
tver
pop
krasnoyarsk
kirov
irkutsk
lib
bryansk
penza
corp
kemerovo
chelyabinsk
yaroslavl
ru
orel
kursk
wap
tv
stavropol
novosibirsk
job
email
cloud
barnaul
mail1
ryazan
vladimir
orenburg
pay
partner
mx3
meet
market
club
sochi
owa
lipetsk
it
images
ekaterinburg
vladivostok
promo
postmaster
belgorod
tyumen
nsk
kaluga
kaliningrad
files
tambov
service
kurgan
ivanovo
ekb
e
st
photo
partners
kostroma
app
nn
vologda
hosting
dialin
school
murmansk
izhevsk
auto
www2
ulyanovsk
sp
pskov
maps
chita
auth
post
gw
crm
ns5
library
webdisk
smolensk
b2b
redmine
imap
adm
love
docs
cpanel
cabinet
a
surgut
proxy
mail3
games
chel
cheboksary
jira
conf
travel
sport
search
tickets
store
social
office
login
localhost
cp
chat
adv
subscribe
saransk
live
fr
afisha
yakutsk
ua
storage
passport
moscow
es
dom
av
_spf
special
s1
rnd
push
id
de
gitlab
feedback
eng
data
yar
gate
ad
zakupki
zabbix
ulan-ude
secure
pogoda
petrozavodsk
git
dl
demo
catalog
autoconfig
astrakhan
abakan
webinar
sdo
radio
konkurs
khabarovsk
jabber
go
vrn
pop3
olymp
museum
download
astrahan
agent
ads
top
svn
stats
start
stage
ssl
realty
rabota
r
mx4
geo
foto
cs
connect
tolyatti
syktyvkar
server
novokuznetsk
moodle
money
magnitogorsk
img2
counter
calendar
avia
alumni
acs
academy
webmaster
t
sevastopol
science
relay2
ns0
nalchik
n
moskva
monitoring
med
internet
hr
gazeta
doc
do
dnsmaster
db
ca
business
books
webconf
web2
site
services
priem
payment
map
mailer
mail4
law
invest
exchange
dns
content
client
blogs
abiturient
wifi
vip
ticket
test2
tech
staging
sms
s2
relay1
reklama
open
nnov
mxs
math
magadan
m2
link
kz
kino
ir
finance
dns1
company
cn
anketa
vk
st1
srv
pbx
novgorod
mon
mc
lp
kzn
irk
helpdesk
forums
file
elista
disk
css
booking
bonus
billing
bill
analytics
alpha
www3
widgets
widget
vladikavkaz
users
tumen
soft
smtp1
s3
rt
rs
rostov-na-donu
mx01
music
ms
main
links
kolomna
home
habarovsk
gosuslugi
game
fs
export
expo
events
event
ege
cdn2
amp
www1
weather
ts
taganrog
sso
speedtest
sankt-peterburg
ps
pass
oauth
ns6
nagios
monitor
metro
in
img1
ic
hotels
front
english
city
cc
career
c
b
arhangelsk
v
tools
team
sterlitamak
smtp2
sentry
sd
research
pro
people
opt
mx5
mx02
mt
mm
mdm
lync
lms
krsk
kaspersky
js
ibank
ib
history
gov
gorod
ftp2
expert
dns2
direct
digital
card
bratsk
backup
assets
apps
access
zlatoust
world
welcome
vm
vestnik
ural
update
translate
tr
time
terminal
simferopol
repo
rating
ra
press
pr
podolsk
pma
oplata
miass
maykop
kiosk
kids
gr
f
ext
ex
ed
click
cdn1
by
bs
bot
bb
arkhangelsk
arh
archive
anapa
account
web1
vpn2
volgodonsk
uslugi
test1
tender
students
student
stream
sales
rm
region
rasp
pyatigorsk
pushkino
psy
project
plus
payments
opros
openvpn
opendata
ns7
nizhniy-novgorod
nizhnevartovsk
net
lists
ip
i1
gw2
faq
family
elib
dv
design
confluence
cherkessk
bi
az
angarsk
1
ws
wc
watch
vn
user
turizm
srv2
spf
spec
sg
rss
rc
projects
pravo
player
play
pics
pg
ns8
ns01
novorossiysk
mta1
m.ru
mp
mo
minobr
master
mail.corp
mahachkala
list
kuban
krd
krasnogorsk
host
grozny
gelendzhik
football
f1
education
duma
dev2
delta
dc
cms
chelny
bio
backend
avto
arzamas
all
administrator
3d
xml
webcon
w
vps
vpn1
vlg
vcs
vc
upload
tours
tourism
tour
static2
staff
smr
smol
se
s4
rzn
rybinsk
russia
prod
pk
piwik
perevod
p
otrs
order
norilsk
nnovgorod
nl
nk
neftekamsk
mirror
mb
kyzyl
krym
kp
kislovodsk
kiev
kerch
kassa
is
iphone
intranet
int
infra
informer
health
g
free
fotki
fb
el
eco
dpo
credit
contest
conference
ci
cherepovets
cdn3
cards
cache
bt
balance
azov
atlas
artem
amur
24
2
192
xmpp
www4
webdav
vs01
vote
vlad
vl
v2
v1
ui
taxi
study
soc
sm
share
sc
sakha
preprod
pl
pgu
orsk
obninsk
ns02
novocherkassk
nizhnekamsk
nahodka
murom
mta2
mta-1.email
mta
mpi
minsk
mini
minfin
metrika
md
m1
lite
lg
kras
komi
kamchatka
isp
irc
image
engels
elektrostal
edge
economy
econ
doska
deti
crimea
cr
cit
cis
chem
chehov
cars
campus
buh
browser
biysk
birobidzhan
berdsk
base
banner
art
android
ag
42
yamal
web3
vt
voskresensk
up
union-tel.192
uln
ul
uk
u
troitsk
transport
tobolsk
tmn
testing
teacher
stav
status
smtp3
sk
seversk
servicedesk
serv
security
s5
redirect
rector
quiz
qa
ptz
profile
poll
podpiska
podarki
pm
phys
parking
outlook
oskol
oms
ntp1
ntp
nov
noginsk
next
newsletter
nb
navigator
naberezhnye-chelny
munin
moto
metrica
megaplan
mag
m.afisha
lobnya
kurs
komsomolsk-na-amure
kms
kb
jp
izh
iptv
ip2
ip1
international
inter
inf
img3
im
il
idea
hw
hq
honda
gw1
gateway
garant
ftp3
forms
fe
e-learning
dzerzhinsk
ds01
ds
donetsk
domodedovo
culture
contact
common
com
cm
cheb
cert
center
captcha
call
bus
biz
bel
bank
balashiha
ba
astana
ar
ams
agency
achinsk
abit
61
54
52
50
31
25
23
13
zheleznogorsk
zelenograd
zags
z
yoshkar-ola
yalta
www5
wow
work
vyborg
vremya
volga
voip
v3
uss
us
tst
traveler
tracker
tm
tlt
tel
syzran
suggest
static1
srv1
spo
solnechnogorsk
sml
smi
sky
shahty
sf
seminar
sale
salavat
safe
sa
ro
reutov
relay3
reg
ramenskoe
puppet
public
pt
pp
pobeda
physics
pervouralsk
op
ntagil
novouralsk
new2
nano
mx0
mob
mk
minzdrav
mgn
mfc
mf
m.auto
makhachkala
mailgate
lyncweb
lyncdiscoverinternal
logs
letters
legal
legacy
krs
kr
klin
kem
kansk
journal
intra
inno
inet
i3
i2
hotel
horo
hermes
hab
gz
gp
gmt
gkh
gallery
ftp1
fryazino
france
fm
fin
fi
feed
f2
essentuki
endowment
editor
economics
eburg
dubna
domain
dmitrov
developer
db1
customer
corporate
collection
clocks
ckp
cinema
chr
check
ch
cat
cas
book
board
blagoveshchensk
bg
best
belovo
bar
ban
balakovo
at
ask
armavir
almetevsk
admins
adfs
ac
about
3ds
36
32
2013
18
16
15
100
zp
zimbra
zbx
zakon
yandex
wp
win
wallet
vr
vol
voice
vnovgorod
virtual
vidnoe
vds
uic
ugra
uc
tyva
trust
trade
