www
mail
m
api
blog
static
ftp
autodiscover
openvpn
dev
mobile
cdn
webmail
support
test
email
ns1
ns2
news
beta
sip
lyncdiscover
secure
video
admin
smtp
media
search
images
img
help
shop
staging
login
www2
my
vpn
localhost
forum
app
jobs
store
ns3
go
apps
hostmaster
info
wap
services
ads
it
live
community
google
e
es
cms
pop
s
msoid
developer
blogs
chat
download
wiki
calendar
mail2
www1
i
assets
careers
stage
docs
de
qa
imap
data
status
content
tv
connect
cs
fr
origin-www
stats
mx
events
ns
www3
forums
new
web
image
auth
business
survey
id
portal
ns4
link
